{"D:\\UE007\\r\\packages\\event-emitter\\src\\index.ts": {"path":"D:\\UE007\\r\\packages\\event-emitter\\src\\index.ts","statementMap":{"0":{"start":{"line":11,"column":17},"end":{"line":11,"column":20}},"1":{"start":{"line":14,"column":0},"end":{"line":14,"column":null}},"2":{"start":{"line":15,"column":9},"end":{"line":15,"column":34}},"3":{"start":{"line":23,"column":1},"end":{"line":32,"column":null}},"4":{"start":{"line":24,"column":2},"end":{"line":26,"column":null}},"5":{"start":{"line":25,"column":3},"end":{"line":25,"column":26}},"6":{"start":{"line":27,"column":2},"end":{"line":30,"column":5}},"7":{"start":{"line":31,"column":2},"end":{"line":31,"column":14}},"8":{"start":{"line":39,"column":1},"end":{"line":41,"column":null}},"9":{"start":{"line":40,"column":2},"end":{"line":40,"column":38}},"10":{"start":{"line":48,"column":1},"end":{"line":78,"column":null}},"11":{"start":{"line":48,"column":1},"end":{"line":48,"column":5}},"12":{"start":{"line":48,"column":19},"end":{"line":48,"column":33}},"13":{"start":{"line":49,"column":17},"end":{"line":49,"column":40}},"14":{"start":{"line":50,"column":25},"end":{"line":50,"column":53}},"15":{"start":{"line":53,"column":17},"end":{"line":74,"column":3}},"16":{"start":{"line":54,"column":16},"end":{"line":54,"column":25}},"17":{"start":{"line":55,"column":3},"end":{"line":73,"column":null}},"18":{"start":{"line":55,"column":16},"end":{"line":55,"column":17}},"19":{"start":{"line":56,"column":4},"end":{"line":58,"column":null}},"20":{"start":{"line":57,"column":5},"end":{"line":57,"column":14}},"21":{"start":{"line":59,"column":31},"end":{"line":59,"column":36}},"22":{"start":{"line":59,"column":20},"end":{"line":59,"column":22}},"23":{"start":{"line":59,"column":26},"end":{"line":59,"column":31}},"24":{"start":{"line":61,"column":4},"end":{"line":70,"column":null}},"25":{"start":{"line":62,"column":5},"end":{"line":62,"column":21}},"26":{"start":{"line":64,"column":5},"end":{"line":66,"column":null}},"27":{"start":{"line":65,"column":6},"end":{"line":65,"column":31}},"28":{"start":{"line":68,"column":5},"end":{"line":68,"column":14}},"29":{"start":{"line":69,"column":5},"end":{"line":69,"column":9}},"30":{"start":{"line":72,"column":4},"end":{"line":72,"column":31}},"31":{"start":{"line":76,"column":2},"end":{"line":76,"column":17}},"32":{"start":{"line":77,"column":2},"end":{"line":77,"column":25}},"33":{"start":{"line":85,"column":1},"end":{"line":113,"column":null}},"34":{"start":{"line":86,"column":2},"end":{"line":110,"column":null}},"35":{"start":{"line":88,"column":3},"end":{"line":88,"column":21}},"36":{"start":{"line":90,"column":3},"end":{"line":109,"column":null}},"37":{"start":{"line":92,"column":4},"end":{"line":92,"column":29}},"38":{"start":{"line":95,"column":19},"end":{"line":95,"column":42}},"39":{"start":{"line":97,"column":17},"end":{"line":97,"column":30}},"40":{"start":{"line":98,"column":4},"end":{"line":104,"column":null}},"41":{"start":{"line":98,"column":17},"end":{"line":98,"column":18}},"42":{"start":{"line":99,"column":5},"end":{"line":103,"column":null}},"43":{"start":{"line":100,"column":6},"end":{"line":100,"column":26}},"44":{"start":{"line":101,"column":6},"end":{"line":101,"column":15}},"45":{"start":{"line":102,"column":6},"end":{"line":102,"column":10}},"46":{"start":{"line":106,"column":4},"end":{"line":108,"column":null}},"47":{"start":{"line":107,"column":5},"end":{"line":107,"column":30}},"48":{"start":{"line":112,"column":2},"end":{"line":112,"column":14}},"49":{"start":{"line":116,"column":1},"end":{"line":118,"column":null}},"50":{"start":{"line":117,"column":2},"end":{"line":117,"column":22}},"51":{"start":{"line":119,"column":0},"end":{"line":119,"column":null}}},"fnMap":{"0":{"name":"(anonymous_0)","decl":{"start":{"line":14,"column":0},"end":{"line":14,"column":null}},"loc":{"start":{"line":14,"column":0},"end":{"line":119,"column":null}}},"1":{"name":"(anonymous_2)","decl":{"start":{"line":23,"column":1},"end":{"line":23,"column":3}},"loc":{"start":{"line":23,"column":51},"end":{"line":32,"column":2}}},"2":{"name":"(anonymous_3)","decl":{"start":{"line":39,"column":1},"end":{"line":39,"column":5}},"loc":{"start":{"line":39,"column":37},"end":{"line":41,"column":2}}},"3":{"name":"(anonymous_4)","decl":{"start":{"line":48,"column":1},"end":{"line":48,"column":5}},"loc":{"start":{"line":48,"column":17},"end":{"line":78,"column":2}}},"4":{"name":"(anonymous_5)","decl":{"start":{"line":53,"column":17},"end":{"line":53,"column":18}},"loc":{"start":{"line":53,"column":33},"end":{"line":74,"column":3}}},"5":{"name":"(anonymous_6)","decl":{"start":{"line":85,"column":1},"end":{"line":85,"column":4}},"loc":{"start":{"line":85,"column":38},"end":{"line":113,"column":2}}},"6":{"name":"(anonymous_7)","decl":{"start":{"line":116,"column":1},"end":{"line":116,"column":10}},"loc":{"start":{"line":116,"column":1},"end":{"line":118,"column":2}}}},"branchMap":{"0":{"loc":{"start":{"line":24,"column":2},"end":{"line":26,"column":null}},"type":"if","locations":[{"start":{"line":24,"column":2},"end":{"line":26,"column":null}},{"start":{"line":24,"column":2},"end":{"line":26,"column":null}}]},"1":{"loc":{"start":{"line":49,"column":17},"end":{"line":49,"column":34}},"type":"binary-expr","locations":[{"start":{"line":49,"column":17},"end":{"line":49,"column":34}},{"start":{"line":49,"column":38},"end":{"line":49,"column":40}}]},"2":{"loc":{"start":{"line":50,"column":25},"end":{"line":50,"column":47}},"type":"binary-expr","locations":[{"start":{"line":50,"column":25},"end":{"line":50,"column":47}},{"start":{"line":50,"column":51},"end":{"line":50,"column":53}}]},"3":{"loc":{"start":{"line":56,"column":4},"end":{"line":58,"column":null}},"type":"if","locations":[{"start":{"line":56,"column":4},"end":{"line":58,"column":null}},{"start":{"line":56,"column":4},"end":{"line":58,"column":null}}]},"4":{"loc":{"start":{"line":61,"column":4},"end":{"line":70,"column":null}},"type":"if","locations":[{"start":{"line":61,"column":4},"end":{"line":70,"column":null}},{"start":{"line":61,"column":4},"end":{"line":70,"column":null}}]},"5":{"loc":{"start":{"line":64,"column":5},"end":{"line":66,"column":null}},"type":"if","locations":[{"start":{"line":64,"column":5},"end":{"line":66,"column":null}},{"start":{"line":64,"column":5},"end":{"line":66,"column":null}}]},"6":{"loc":{"start":{"line":86,"column":2},"end":{"line":110,"column":null}},"type":"if","locations":[{"start":{"line":86,"column":2},"end":{"line":110,"column":null}},{"start":{"line":86,"column":2},"end":{"line":110,"column":null}}]},"7":{"loc":{"start":{"line":90,"column":3},"end":{"line":109,"column":null}},"type":"if","locations":[{"start":{"line":90,"column":3},"end":{"line":109,"column":null}},{"start":{"line":90,"column":3},"end":{"line":109,"column":null}}]},"8":{"loc":{"start":{"line":95,"column":19},"end":{"line":95,"column":36}},"type":"binary-expr","locations":[{"start":{"line":95,"column":19},"end":{"line":95,"column":36}},{"start":{"line":95,"column":40},"end":{"line":95,"column":42}}]},"9":{"loc":{"start":{"line":99,"column":5},"end":{"line":103,"column":null}},"type":"if","locations":[{"start":{"line":99,"column":5},"end":{"line":103,"column":null}},{"start":{"line":99,"column":5},"end":{"line":103,"column":null}}]},"10":{"loc":{"start":{"line":106,"column":4},"end":{"line":108,"column":null}},"type":"if","locations":[{"start":{"line":106,"column":4},"end":{"line":108,"column":null}},{"start":{"line":106,"column":4},"end":{"line":108,"column":null}}]}},"s":{"0":2,"1":2,"2":12,"3":2,"4":22,"5":15,"6":22,"7":22,"8":2,"9":11,"10":2,"11":11,"12":36,"13":11,"14":11,"15":11,"16":22,"17":22,"18":22,"19":14,"20":1,"21":13,"22":13,"23":13,"24":13,"25":5,"26":5,"27":2,"28":5,"29":5,"30":13,"31":11,"32":11,"33":2,"34":7,"35":1,"36":6,"37":2,"38":4,"39":4,"40":4,"41":4,"42":5,"43":2,"44":2,"45":2,"46":4,"47":2,"48":7,"49":2,"50":14,"51":2},"f":{"0":14,"1":22,"2":11,"3":11,"4":22,"5":7,"6":14},"b":{"0":[15,7],"1":[11,4],"2":[11,9],"3":[1,13],"4":[5,8],"5":[2,3],"6":[1,6],"7":[2,4],"8":[4,1],"9":[2,3],"10":[2,2]}}
}
