TN:
SF:D:\UE007\r\packages\event-emitter\src\index.ts
FN:14,(anonymous_0)
FN:23,(anonymous_2)
FN:39,(anonymous_3)
FN:48,(anonymous_4)
FN:53,(anonymous_5)
FN:85,(anonymous_6)
FN:116,(anonymous_7)
FNF:7
FNH:7
FNDA:14,(anonymous_0)
FNDA:22,(anonymous_2)
FNDA:11,(anonymous_3)
FNDA:11,(anonymous_4)
FNDA:22,(anonymous_5)
FNDA:7,(anonymous_6)
FNDA:14,(anonymous_7)
DA:11,2
DA:14,2
DA:15,12
DA:23,2
DA:24,22
DA:25,15
DA:27,22
DA:31,22
DA:39,2
DA:40,11
DA:48,36
DA:49,11
DA:50,11
DA:53,11
DA:54,22
DA:55,22
DA:56,14
DA:57,1
DA:59,13
DA:61,13
DA:62,5
DA:64,5
DA:65,2
DA:68,5
DA:69,5
DA:72,13
DA:76,11
DA:77,11
DA:85,2
DA:86,7
DA:88,1
DA:90,6
DA:92,2
DA:95,4
DA:97,4
DA:98,4
DA:99,5
DA:100,2
DA:101,2
DA:102,2
DA:106,4
DA:107,2
DA:112,7
DA:116,2
DA:117,14
DA:119,2
LF:46
LH:46
BRDA:24,0,0,15
BRDA:24,0,1,7
BRDA:49,1,0,11
BRDA:49,1,1,4
BRDA:50,2,0,11
BRDA:50,2,1,9
BRDA:56,3,0,1
BRDA:56,3,1,13
BRDA:61,4,0,5
BRDA:61,4,1,8
BRDA:64,5,0,2
BRDA:64,5,1,3
BRDA:86,6,0,1
BRDA:86,6,1,6
BRDA:90,7,0,2
BRDA:90,7,1,4
BRDA:95,8,0,4
BRDA:95,8,1,1
BRDA:99,9,0,2
BRDA:99,9,1,3
BRDA:106,10,0,2
BRDA:106,10,1,2
BRF:22
BRH:22
end_of_record
